TN:
SF:src/App.tsx
FN:1,(empty-report)
FNF:1
FNH:0
FNDA:0,(empty-report)
DA:1,0
DA:2,0
DA:3,0
DA:4,0
DA:6,0
DA:7,0
DA:9,0
DA:10,0
DA:11,0
DA:12,0
DA:13,0
DA:14,0
DA:15,0
DA:16,0
DA:17,0
DA:18,0
DA:19,0
DA:20,0
DA:21,0
DA:22,0
DA:23,0
DA:24,0
DA:25,0
DA:26,0
DA:27,0
DA:28,0
DA:30,0
DA:31,0
DA:33,0
DA:35,0
LF:30
LH:0
BRDA:1,0,0,0
BRF:1
BRH:0
end_of_record
TN:
SF:src/main.tsx
FN:1,(empty-report)
FNF:1
FNH:0
FNDA:0,(empty-report)
DA:1,0
DA:2,0
DA:3,0
DA:4,0
DA:5,0
DA:6,0
DA:8,0
DA:9,0
DA:10,0
DA:11,0
DA:12,0
DA:13,0
DA:14,0
DA:15,0
DA:16,0
DA:17,0
DA:18,0
DA:19,0
DA:20,0
DA:21,0
DA:22,0
DA:23,0
DA:24,0
DA:25,0
DA:26,0
LF:25
LH:0
BRDA:1,0,0,0
BRF:1
BRH:0
end_of_record
TN:
SF:src/components/CtaBand/CtaBand.tsx
FN:9,CtaBand
FN:12,handleStartOrder
FNF:2
FNH:2
FNDA:5,CtaBand
FNDA:3,handleStartOrder
DA:1,1
DA:2,1
DA:3,1
DA:9,1
DA:10,5
DA:12,5
DA:14,3
DA:15,2
DA:16,2
DA:18,3
DA:19,3
DA:21,5
DA:22,5
DA:23,5
DA:24,5
DA:25,5
DA:26,5
DA:27,5
DA:28,5
DA:30,5
DA:31,5
DA:32,5
DA:34,5
LF:23
LH:23
BRDA:9,0,0,5
BRDA:12,1,0,3
BRDA:14,2,0,2
BRF:3
BRH:3
end_of_record
TN:
SF:src/components/Footer/Footer.tsx
FN:4,Footer
FNF:1
FNH:1
FNDA:3,Footer
DA:1,1
DA:2,1
DA:4,1
DA:5,3
DA:7,3
DA:8,3
DA:9,3
DA:10,3
DA:11,3
DA:12,3
DA:13,3
DA:14,3
DA:15,3
DA:16,3
DA:17,3
DA:18,3
DA:19,3
DA:20,3
DA:21,3
DA:22,3
DA:23,3
DA:24,3
DA:25,3
DA:26,3
DA:27,3
DA:28,3
DA:30,3
DA:31,3
DA:32,3
DA:33,3
DA:34,3
DA:36,3
LF:32
LH:32
BRDA:4,0,0,3
BRF:1
BRH:1
end_of_record
TN:
SF:src/components/HeroSection/HeroSection.tsx
FN:5,HeroSection
FNF:1
FNH:1
FNDA:4,HeroSection
DA:1,1
DA:2,1
DA:3,1
DA:5,1
DA:6,4
DA:7,4
DA:8,4
DA:9,4
DA:10,4
DA:12,4
DA:13,4
DA:15,4
DA:16,4
DA:17,4
DA:18,4
DA:19,4
DA:20,4
DA:21,4
DA:22,4
DA:23,4
DA:24,4
DA:25,4
DA:27,4
LF:23
LH:23
BRDA:5,0,0,4
BRF:1
BRH:1
end_of_record
TN:
SF:src/components/Layout/Layout.tsx
FN:11,Layout
FNF:1
FNH:1
FNDA:1,Layout
DA:1,1
DA:3,1
DA:4,1
DA:5,1
DA:11,1
DA:12,1
DA:13,1
DA:14,1
DA:15,1
DA:16,1
DA:17,1
DA:18,1
LF:12
LH:12
BRDA:11,0,0,1
BRF:1
BRH:1
end_of_record
TN:
SF:src/components/Navigation/Navigation.tsx
FN:5,Navigation
FNF:1
FNH:1
FNDA:3,Navigation
DA:1,1
DA:2,1
DA:3,1
DA:5,1
DA:6,3
DA:7,3
DA:8,3
DA:9,3
DA:11,3
DA:12,3
DA:13,3
DA:14,3
DA:16,3
DA:17,3
DA:18,3
DA:19,3
DA:21,3
DA:22,3
DA:23,3
DA:24,3
DA:26,3
DA:27,3
DA:28,3
DA:29,3
DA:30,3
DA:32,3
LF:26
LH:26
BRDA:5,0,0,3
BRF:1
BRH:1
end_of_record
TN:
SF:src/components/PackagesTable/PackagesTable.tsx
FN:35,PackagesTable
FNF:1
FNH:1
FNDA:4,PackagesTable
DA:1,1
DA:2,1
DA:4,1
DA:5,1
DA:6,1
DA:7,1
DA:8,1
DA:9,1
DA:10,1
DA:11,1
DA:12,1
DA:13,1
DA:14,1
DA:15,1
DA:16,1
DA:17,1
DA:18,1
DA:19,1
DA:20,1
DA:21,1
DA:22,1
DA:23,1
DA:24,1
DA:25,1
DA:26,1
DA:27,1
DA:28,1
DA:29,1
DA:30,1
DA:31,1
DA:32,1
DA:33,1
DA:35,1
DA:36,4
DA:37,4
DA:38,4
DA:39,4
DA:40,4
DA:41,4
DA:42,16
DA:43,16
DA:44,16
DA:46,16
DA:47,4
DA:49,16
DA:50,16
DA:51,16
DA:52,16
DA:53,4
DA:54,4
DA:55,4
DA:56,4
DA:58,4
LF:53
LH:53
BRDA:35,0,0,4
BRDA:41,1,0,16
BRDA:44,2,0,4
BRDA:44,3,0,12
BRDA:46,4,0,4
BRF:5
BRH:5
end_of_record
TN:
SF:src/components/TreatsGrid/TreatsGrid.tsx
FN:31,TreatsGrid
FNF:1
FNH:1
FNDA:4,TreatsGrid
DA:1,1
DA:2,1
DA:4,1
DA:5,1
DA:6,1
DA:7,1
DA:8,1
DA:9,1
DA:10,1
DA:11,1
DA:12,1
DA:13,1
DA:14,1
DA:15,1
DA:16,1
DA:17,1
DA:18,1
DA:19,1
DA:20,1
DA:21,1
DA:22,1
DA:23,1
DA:24,1
DA:25,1
DA:26,1
DA:27,1
DA:28,1
DA:29,1
DA:31,1
DA:32,4
DA:33,4
DA:34,4
DA:35,4
DA:36,4
DA:37,4
DA:38,16
DA:39,16
DA:40,16
DA:41,16
DA:42,16
DA:43,16
DA:44,16
DA:45,16
DA:46,16
DA:47,4
DA:48,4
DA:49,4
DA:50,4
DA:52,4
LF:49
LH:49
BRDA:31,0,0,4
BRDA:37,1,0,16
BRF:2
BRH:2
end_of_record
TN:
SF:src/pages/LandingPage.tsx
FN:7,LandingPage
FN:8,handleStartOrder
FNF:2
FNH:2
FNDA:2,LandingPage
FNDA:1,handleStartOrder
DA:1,1
DA:2,1
DA:3,1
DA:4,1
DA:5,1
DA:7,1
DA:8,2
DA:10,1
DA:11,1
DA:13,2
DA:14,2
DA:15,2
DA:16,2
DA:17,2
DA:18,2
DA:19,2
DA:21,2
LF:17
LH:17
BRDA:7,0,0,2
BRDA:8,1,0,1
BRF:2
BRH:2
end_of_record
TN:
SF:src/types/colors.ts
FN:1,(empty-report)
FNF:1
FNH:0
FNDA:0,(empty-report)
DA:1,0
DA:2,0
DA:3,0
DA:4,0
DA:5,0
DA:6,0
DA:7,0
DA:8,0
DA:9,0
LF:9
LH:0
BRDA:1,0,0,0
BRF:1
BRH:0
end_of_record
